/PREP7

FX = 0
FY = 0

ANCHURA = 1e-3
ALTURA = 0.75e-3

C*** Geometría del rectangulo(mod) 
RECTNG,0,ANCHURA,0,ALTURA,

RECTNG,8*0.03125e-3,24*0.03125e-3,11*0.03125e-3,0.00075-11*0.03125e-3,  
RECTNG,9*0.03125e-3,23*0.03125e-3,10*0.03125e-3,0.00075-10*0.03125e-3,
RECTNG,11*0.03125e-3,21*0.03125e-3,9*0.03125e-3,0.00075-9*0.03125e-3, 
RECTNG,14*0.03125e-3,18*0.03125e-3,8*0.03125e-3,0.00075-8*0.03125e-3,  

FLST,3,2,5,ORDE,2   
FITEM,3,1   
FITEM,3,-2  
ASBA,       1,P51X  
FLST,3,3,5,ORDE,2   
FITEM,3,3   
FITEM,3,-5  
ASBA,       6,P51X  

C*** Tipo de material   
ET,1,PLANE182   

C*** Atributos del material 
MPTEMP,,,,,,,,  
MPTEMP,1,0  
MPDATA,EX,1,,70e9   
MPDATA,PRXY,1,,0.3  

C*** Divisiones para el mallado 
FLST,2,1,5,ORDE,1   
FITEM,2,1   
AESIZE,P51X,0.03125e-3, 
MSHAPE,0,2D 
MSHKEY,0
!*  
CM,_Y,AREA  
ASEL, , , ,       1 
CM,_Y1,AREA 
CHKMSH,'AREA'   
CMSEL,S,_Y  
!*  
AMESH,_Y1   
!*  
CMDELE,_Y   
CMDELE,_Y1  
CMDELE,_Y2  
!* 

C*** Sujecion
FLST,2,1,4,ORDE,1   
FITEM,2,4   
!*  
/GO 
DL,P51X, ,ALL,  

C*** fuerza en x (mod)  
FLST,2,1,4,ORDE,1   
FITEM,2,2   
/GO 
!*  
SFL,P51X,PRES,-FX,   

C*** fuerza en y (mod)   
FLST,2,25,1,ORDE,3  
FITEM,2,2   
FITEM,2,34  
FITEM,2,-57 
!*  
/GO 
F,P51X,FY,FY 

FINISH  
/SOL
SOLVE

C*** Crea tabla de von misses
FINISH  
/POST1  
SET, FIRST
AVPRIN,0, , 
ETABLE, ,S,EQV
!*

C***
*VGET,von,ELEM, ,ETAB,SEQV, , ,2

*VGET,elem1,ELEM, ,NODE,1, , ,2 
*VGET,elem2,ELEM, ,NODE,2, , ,2 
*VGET,elem3,ELEM, ,NODE,3, , ,2 
*VGET,elem4,ELEM, ,NODE,4, , ,2 

*VGET,xcord,NODE, ,LOC,X, , ,2
*VGET,ycord,NODE, ,LOC,Y, , ,2

*CREATE,ansuitmp

*CFOPEN,'von','txt',' ' 
*VWRITE,von(1,1), , , , , , , , ,   
(E16.10)
*CFCLOS 

*CFOPEN,'elements','txt',' '
*VWRITE,elem1(1,1), elem2(1,1), elem3(1,1), elem4(1,1), , , , , ,   
(F10.0,' ',F10.0,' ',F10.0,' ',F10.0)   
*CFCLOS 

*CFOPEN,'nodes','txt',' '
*VWRITE, xcord(1,1), ycord(1,1), , , , , , , ,   
(E16.10,' ',E16.10)
*CFCLOS 

*END
/INPUT,ansuitmp 
!*  
C*** ! /EXIT,ALL
